2026-05-13 21:35:06.611: [INFO] VisibilityChanged: 0
2026-05-13 21:35:06.638: [INFO] RecordSyncInitDuration has_sync_been_enabled: 0 state: 0
2026-05-13 21:35:06.639: [INFO] RecordSyncInitDuration has_sync_been_enabled: 0 state: 0
2026-05-13 21:35:06.640: [INFO] RecordSyncInitDuration has_sync_been_enabled: 0 state: 0
2026-05-13 21:35:06.641: [INFO] RecordSyncInitDuration has_sync_been_enabled: 0 state: 0
2026-05-13 21:35:06.642: [INFO] RecordSyncInitDuration has_sync_been_enabled: 0 state: 0
2026-05-13 21:35:06.643: [INFO] RecordSyncInitDuration has_sync_been_enabled: 0 state: 0
2026-05-13 21:35:06.643: [INFO] RecordSyncInitDuration has_sync_been_enabled: 0 state: 0
2026-05-13 21:35:06.644: [INFO] RecordSyncInitDuration has_sync_been_enabled: 0 state: 0
2026-05-13 21:35:06.645: [INFO] RecordSyncInitDuration has_sync_been_enabled: 0 state: 0
2026-05-13 21:35:06.646: [INFO] RecordSyncInitDuration has_sync_been_enabled: 0 state: 0
2026-05-13 21:35:06.647: [INFO] RecordSyncInitDuration has_sync_been_enabled: 0 state: 0
2026-05-13 21:35:06.650: [INFO] RecordSyncInitDuration has_sync_been_enabled: 0 state: 0
2026-05-13 21:35:06.659: [INFO] BookmarkModelLoaded, ids_reassigned: 0
2026-05-13 21:35:06.659: [INFO] OnDoneLoading sync enabled: 0
2026-05-13 21:35:06.711: [INFO] RecordSyncInitDuration has_sync_been_enabled: 0 state: 0
2026-05-13 21:35:08.661: [INFO] RecordSyncInitDuration has_sync_been_enabled: 0 state: 0
2026-05-13 21:35:08.664: [INFO] RecordSyncInitDuration has_sync_been_enabled: 0 state: 3
2026-05-13 21:35:08.668: [INFO] Primary account changed.
2026-05-13 21:35:08.668: [INFO] OnPrimaryAccountChanged PrimaryAccountChangeEvent::Type::kSet
2026-05-13 21:35:08.671: [INFO] RecordSyncInitDuration has_sync_been_enabled: 0 state: 3
2026-05-13 21:35:16.205: [INFO] Sync initialization duration: 7413ms
