{"logTime": "0515/145320", "correlationVector":"jbIxO7jWMpHMChcwM6u/Ly.1","action":"SyncServerConnectionManagerRequest", "result":"SYNC_SERVER_OK", "context":{"environment":"Prod_japaneast_prod-s01-061-apac-japaneast", "migrationStage":"NotStarted", "server":"akswtt113000014"}}
{"logTime": "0515/145320", "correlationVector":"jbIxO7jWMpHMChcwM6u/Ly.2","action":"ProcessGetUpdates", "result":"Done", "context":{"dataType":"Encryption Keys", "deleted":"0", "process_failed_to_decrypt":"0", "process_pending_decryption":"0", "process_success":"1", "total":"1"}}
{"logTime": "0515/145321", "correlationVector":"RCiK5I93fAn4F2iL1OA7Uj","action":"SyncServerConnectionManagerRequest", "result":"SYNC_SERVER_OK", "context":{"environment":"", "migrationStage":"", "server":""}}
{"logTime": "0515/145321", "correlationVector":"RCiK5I93fAn4F2iL1OA7Uj.0","action":"EncryptionKeysFetcher.DownloadKeys:", "result":"Success", "context":Key count: 2, Last key timestamp: 2025-12-23T07:09:40Z}
{"logTime": "0515/145321", "correlationVector":"RCiK5I93fAn4F2iL1OA7Uj.1","action":"EncryptionKeysManager::SetEncryptionKeys:", "result":"Success", "context":Key names[2]:[VnXntDfiD9zYb0d6QbyhZuBEXl78mxt0CFEGvi0tgGN6PM2790okuOGa1KfyqWyPElG/DIQfM37JbNJ8rxLnYw==][XrJ8+5pM2sHxhFpB0U4Rd9m5k7aYZw1qqXiQYVtioNJ49pM2f2SAjnGxT00MKUz7vCBTgVsRTmruLZbio2j8Aw==]}
{"logTime": "0515/145321", "correlationVector":"RCiK5I93fAn4F2iL1OA7Uj.2","action":"EncryptionKeysManager::SetEncryptionKeysWithTimestamps:", "result":"Success", "context":Key timestamps[2]:[2024-12-28T08:21:36Z][2025-12-23T07:09:40Z]}
{"logTime": "0515/145321", "correlationVector":"jbIxO7jWMpHMChcwM6u/Ly","action":"Initial GetUpdates", "result":"", "context":Reason: NEW_CLIENT. cV=jbIxO7jWMpHMChcwM6u/Ly}
{"logTime": "0515/145321", "correlationVector":"jbIxO7jWMpHMChcwM6u/Ly.3","action":"GetUpdates Response", "result":"Success", "context":Received 1 update(s). cV=jbIxO7jWMpHMChcwM6u/Ly.0;server=akswtt113000014;cloudType=Consumer;environment=Prod_japaneast_prod-s01-061-apac-japaneast;migrationStage=NotStarted}
{"logTime": "0515/145321", "correlationVector":"BR2RO9ntNv+v/go1IiWr7g","action":"Initial GetUpdates", "result":"", "context":Reason: NEWLY_SUPPORTED_DATATYPE. cV=BR2RO9ntNv+v/go1IiWr7g}
{"logTime": "0515/145321", "correlationVector":"BR2RO9ntNv+v/go1IiWr7g.1","action":"SyncServerConnectionManagerRequest", "result":"SYNC_SERVER_OK", "context":{"environment":"Prod_japaneast_prod-s01-061-apac-japaneast", "migrationStage":"NotStarted", "server":"akswtt113000009"}}
{"logTime": "0515/145321", "correlationVector":"BR2RO9ntNv+v/go1IiWr7g.2","action":"ProcessGetUpdates", "result":"Done", "context":{"dataType":"Preferences", "deleted":"0", "process_failed_to_decrypt":"0", "process_pending_decryption":"0", "process_success":"61", "total":"61"}}
{"logTime": "0515/145321", "correlationVector":"BR2RO9ntNv+v/go1IiWr7g.3","action":"ProcessGetUpdates", "result":"Done", "context":{"dataType":"Passwords", "deleted":"0", "process_failed_to_decrypt":"0", "process_pending_decryption":"0", "process_success":"22", "total":"22"}}
{"logTime": "0515/145321", "correlationVector":"BR2RO9ntNv+v/go1IiWr7g.4","action":"ProcessGetUpdates", "result":"Done", "context":{"dataType":"Device Info", "deleted":"0", "process_failed_to_decrypt":"0", "process_pending_decryption":"0", "process_success":"12", "total":"12"}}
{"logTime": "0515/145321", "correlationVector":"BR2RO9ntNv+v/go1IiWr7g.5","action":"GetUpdates Response", "result":"Success", "context":Received 95 update(s). cV=BR2RO9ntNv+v/go1IiWr7g.0;server=akswtt113000009;cloudType=Consumer;environment=Prod_japaneast_prod-s01-061-apac-japaneast;migrationStage=NotStarted}
{"logTime": "0515/145321", "correlationVector":"tWcqtNcaO1jSlHpIO8EnSq","action":"Initial GetUpdates", "result":"", "context":Reason: NEWLY_SUPPORTED_DATATYPE. cV=tWcqtNcaO1jSlHpIO8EnSq}
{"logTime": "0515/145322", "correlationVector":"tWcqtNcaO1jSlHpIO8EnSq.1","action":"SyncServerConnectionManagerRequest", "result":"SYNC_SERVER_OK", "context":{"environment":"Prod_japaneast_prod-s01-061-apac-japaneast", "migrationStage":"NotStarted", "server":"akswtt113000001"}}
{"logTime": "0515/145322", "correlationVector":"tWcqtNcaO1jSlHpIO8EnSq.2","action":"ProcessGetUpdates", "result":"Done", "context":{"dataType":"Bookmarks", "deleted":"0", "process_failed_to_decrypt":"0", "process_pending_decryption":"0", "process_success":"8", "total":"8"}}
{"logTime": "0515/145322", "correlationVector":"tWcqtNcaO1jSlHpIO8EnSq.3","action":"GetUpdates Response", "result":"Success", "context":Received 8 update(s). cV=tWcqtNcaO1jSlHpIO8EnSq.0;server=akswtt113000001;cloudType=Consumer;environment=Prod_japaneast_prod-s01-061-apac-japaneast;migrationStage=NotStarted}
{"logTime": "0515/145322", "correlationVector":"DRq0zo2GjSqTUugMDrcCyN","action":"Initial GetUpdates", "result":"", "context":Reason: NEWLY_SUPPORTED_DATATYPE. cV=DRq0zo2GjSqTUugMDrcCyN}
{"logTime": "0515/145322", "correlationVector":"DRq0zo2GjSqTUugMDrcCyN.1","action":"SyncServerConnectionManagerRequest", "result":"SYNC_SERVER_OK", "context":{"environment":"Prod_japaneast_prod-s01-061-apac-japaneast", "migrationStage":"NotStarted", "server":"akswtt113000009"}}
{"logTime": "0515/145322", "correlationVector":"DRq0zo2GjSqTUugMDrcCyN.2","action":"ProcessGetUpdates", "result":"Done", "context":{"dataType":"Autofill Profiles", "deleted":"0", "process_failed_to_decrypt":"0", "process_pending_decryption":"0", "process_success":"5", "total":"5"}}
{"logTime": "0515/145322", "correlationVector":"DRq0zo2GjSqTUugMDrcCyN.3","action":"ProcessGetUpdates", "result":"Done", "context":{"dataType":"Autofill", "deleted":"0", "process_failed_to_decrypt":"0", "process_pending_decryption":"0", "process_success":"30", "total":"30"}}
{"logTime": "0515/145322", "correlationVector":"DRq0zo2GjSqTUugMDrcCyN.4","action":"ProcessGetUpdates", "result":"Done", "context":{"dataType":"Sessions", "deleted":"8", "process_failed_to_decrypt":"0", "process_pending_decryption":"0", "process_success":"13", "total":"13"}}
{"logTime": "0515/145322", "correlationVector":"DRq0zo2GjSqTUugMDrcCyN.5","action":"ProcessGetUpdates", "result":"Done", "context":{"dataType":"Edge Hub App Usage", "deleted":"3", "process_failed_to_decrypt":"0", "process_pending_decryption":"0", "process_success":"6", "total":"6"}}
{"logTime": "0515/145322", "correlationVector":"DRq0zo2GjSqTUugMDrcCyN.6","action":"GetUpdates Response", "result":"Success", "context":Received 54 update(s). cV=DRq0zo2GjSqTUugMDrcCyN.0;server=akswtt113000009;cloudType=Consumer;environment=Prod_japaneast_prod-s01-061-apac-japaneast;migrationStage=NotStarted}
{"logTime": "0515/145322", "correlationVector":"8Cyr6ZQACLSoVEwZd5x5Wd","action":"Initial GetUpdates", "result":"", "context":Reason: NEWLY_SUPPORTED_DATATYPE. cV=8Cyr6ZQACLSoVEwZd5x5Wd}
{"logTime": "0515/145322", "correlationVector":"8Cyr6ZQACLSoVEwZd5x5Wd.1","action":"SyncServerConnectionManagerRequest", "result":"SYNC_SERVER_OK", "context":{"environment":"Prod_japaneast_prod-s01-061-apac-japaneast", "migrationStage":"NotStarted", "server":"akswtt113000000"}}
{"logTime": "0515/145322", "correlationVector":"8Cyr6ZQACLSoVEwZd5x5Wd.2","action":"ProcessGetUpdates", "result":"Done", "context":{"dataType":"History", "deleted":"0", "process_failed_to_decrypt":"0", "process_pending_decryption":"0", "process_success":"15", "total":"15"}}
{"logTime": "0515/145322", "correlationVector":"8Cyr6ZQACLSoVEwZd5x5Wd.3","action":"GetUpdates Response", "result":"Success", "context":Received 15 update(s). cV=8Cyr6ZQACLSoVEwZd5x5Wd.0;server=akswtt113000000;cloudType=Consumer;environment=Prod_japaneast_prod-s01-061-apac-japaneast;migrationStage=NotStarted}
{"logTime": "0515/145322", "correlationVector":"tVrJEE97iG1IRbexVm1fcs","action":"Normal GetUpdate request", "result":"", "context":cV=tVrJEE97iG1IRbexVm1fcs
Nudged types: Sessions, Device Info, User Consents
Refresh requested types: Bookmarks, Preferences, Passwords, Autofill Profiles, Autofill, Extensions, Sessions, Extension settings, History Delete Directives, Device Info, User Consents, Send Tab To Self, Web Apps, History, Saved Tab Group, WebAuthn Credentials, Collection, Edge E Drop, Edge Hub App Usage, Edge Wallet, Edge Workspace, Encryption Keys}
{"logTime": "0515/145323", "correlationVector":"tVrJEE97iG1IRbexVm1fcs.1","action":"SyncServerConnectionManagerRequest", "result":"SYNC_SERVER_OK", "context":{"environment":"Prod_japaneast_prod-s01-061-apac-japaneast", "migrationStage":"NotStarted", "server":"akswtt113000001"}}
{"logTime": "0515/145323", "correlationVector":"tVrJEE97iG1IRbexVm1fcs.2","action":"GetUpdates Response", "result":"Success", "context":Received 0 update(s). cV=tVrJEE97iG1IRbexVm1fcs.0;server=akswtt113000001;cloudType=Consumer;environment=Prod_japaneast_prod-s01-061-apac-japaneast;migrationStage=NotStarted}
{"logTime": "0515/145323", "correlationVector":"jHGIUX1Ak+1sRqGKKmznns","action":"DoCompareDataConsistency requsted types: ", "result":"Bookmarks, Preferences, Passwords, Extensions, Extension settings, History Delete Directives, Send Tab To Self, Web Apps, History, Saved Tab Group, WebAuthn Credentials, Collection, Edge E Drop, Edge Wallet, Edge Workspace, Encryption Keys"}
{"logTime": "0515/145323", "correlationVector":"jHGIUX1Ak+1sRqGKKmznns.0","action":"CompareDataConsistency result: ", "result":"Compare result: Encryption Keys is consistent. local entities count is: 1 local entities hash is: 8oHLUMYnMZSQMR6vaUTuBTqjqy4="}
{"logTime": "0515/145323", "correlationVector":"jHGIUX1Ak+1sRqGKKmznns.1","action":"CompareDataConsistency result: ", "result":"Compare result: Bookmarks is consistent. local entities count is: 2 local entities hash is: 10YHxM+G/JyaSRmSCjthvYj/1so="}
{"logTime": "0515/145323", "correlationVector":"jHGIUX1Ak+1sRqGKKmznns.2","action":"CompareDataConsistency result: ", "result":"Compare result: Preferences is consistent. local entities count is: 61 local entities hash is: Xb9jsvVmG+cjx06bpktjDdWAaYQ="}
{"logTime": "0515/145323", "correlationVector":"jHGIUX1Ak+1sRqGKKmznns.3","action":"CompareDataConsistency result: ", "result":"Compare result: Extensions is consistent. local entities count is: 0 local entities hash is: "}
{"logTime": "0515/145323", "correlationVector":"jHGIUX1Ak+1sRqGKKmznns.4","action":"CompareDataConsistency result: ", "result":"Compare result: Extension settings is consistent. local entities count is: 0 local entities hash is: "}
{"logTime": "0515/145323", "correlationVector":"jHGIUX1Ak+1sRqGKKmznns.5","action":"CompareDataConsistency result: ", "result":"Compare result: History Delete Directives is consistent. local entities count is: 0 local entities hash is: "}
{"logTime": "0515/145323", "correlationVector":"jHGIUX1Ak+1sRqGKKmznns.6","action":"CompareDataConsistency result: ", "result":"Server did not send this Send Tab To Self local entities count is: 0 local entities hash is: "}
{"logTime": "0515/145323", "correlationVector":"jHGIUX1Ak+1sRqGKKmznns.7","action":"CompareDataConsistency result: ", "result":"Compare result: Web Apps is consistent. local entities count is: 0 local entities hash is: "}
{"logTime": "0515/145323", "correlationVector":"jHGIUX1Ak+1sRqGKKmznns.8","action":"CompareDataConsistency result: ", "result":"Server did not send this History local entities count is: 0 local entities hash is: "}
{"logTime": "0515/145323", "correlationVector":"jHGIUX1Ak+1sRqGKKmznns.9","action":"CompareDataConsistency result: ", "result":"Compare result: Saved Tab Group is consistent. local entities count is: 0 local entities hash is: "}
{"logTime": "0515/145323", "correlationVector":"jHGIUX1Ak+1sRqGKKmznns.10","action":"CompareDataConsistency result: ", "result":"Server did not send this WebAuthn Credentials local entities count is: 0 local entities hash is: "}
{"logTime": "0515/145323", "correlationVector":"jHGIUX1Ak+1sRqGKKmznns.11","action":"CompareDataConsistency result: ", "result":"Compare result: Collection is consistent. local entities count is: 0 local entities hash is: "}
{"logTime": "0515/145323", "correlationVector":"jHGIUX1Ak+1sRqGKKmznns.12","action":"CompareDataConsistency result: ", "result":"Compare result: Edge E Drop is consistent. local entities count is: 0 local entities hash is: "}
{"logTime": "0515/145323", "correlationVector":"jHGIUX1Ak+1sRqGKKmznns.13","action":"CompareDataConsistency result: ", "result":"Compare result: Edge Wallet is consistent. local entities count is: 0 local entities hash is: "}
{"logTime": "0515/145323", "correlationVector":"jHGIUX1Ak+1sRqGKKmznns.14","action":"CompareDataConsistency result: ", "result":"Server did not send this Edge Workspace local entities count is: 0 local entities hash is: "}
{"logTime": "0515/145323", "correlationVector":"jHGIUX1Ak+1sRqGKKmznns.15","action":"CompareDataConsistency result: ", "result":"Compare result: Passwords is consistent. local entities count is: 22 local entities hash is: vAgNeEgKHDBMq9HcQxp57NZKeRk="}
{"logTime": "0515/145323", "correlationVector":"u0TrUh3GibAsDgr9eUTgz6","action":"Commit Request", "result":"", "context":Item count: 4
Contributing types: Sessions, Device Info, User Consents}
{"logTime": "0515/145324", "correlationVector":"u0TrUh3GibAsDgr9eUTgz6.1","action":"SyncServerConnectionManagerRequest", "result":"SYNC_SERVER_OK", "context":{"environment":"Prod_japaneast_prod-s01-061-apac-japaneast", "migrationStage":"NotStarted", "server":"akswtt113000019"}}
{"logTime": "0515/145324", "correlationVector":"u0TrUh3GibAsDgr9eUTgz6.2","action":"Commit Response", "result":"Success", "context":Result: Success. cV=u0TrUh3GibAsDgr9eUTgz6.0;server=akswtt113000019;cloudType=Consumer;environment=Prod_japaneast_prod-s01-061-apac-japaneast;migrationStage=NotStarted}
{"logTime": "0515/145324", "correlationVector":"","action":"DIAGNOSTIC_REQUEST|v1/diagnosticData/Diagnostic.SendCheckResult()|SUCCESS", "result":""}
{"logTime": "0515/145425", "correlationVector":"70FkP9nLJnmyyDuLUQ6NEs","action":"Commit Request", "result":"", "context":Item count: 2
Contributing types: Sessions, History}
{"logTime": "0515/145425", "correlationVector":"70FkP9nLJnmyyDuLUQ6NEs.1","action":"SyncServerConnectionManagerRequest", "result":"SYNC_SERVER_OK", "context":{"environment":"Prod_japaneast_prod-s01-061-apac-japaneast", "migrationStage":"NotStarted", "server":"akswtt11300000f"}}
{"logTime": "0515/145425", "correlationVector":"70FkP9nLJnmyyDuLUQ6NEs.2","action":"Commit Response", "result":"Success", "context":Result: Success. cV=70FkP9nLJnmyyDuLUQ6NEs.0;server=akswtt11300000f;cloudType=Consumer;environment=Prod_japaneast_prod-s01-061-apac-japaneast;migrationStage=NotStarted}
{"logTime": "0515/145552", "correlationVector":"ooylGUUrHDa3UtHvQm+vyv","action":"Commit Request", "result":"", "context":Item count: 1
Contributing types: History}
{"logTime": "0515/145553", "correlationVector":"ooylGUUrHDa3UtHvQm+vyv.1","action":"SyncServerConnectionManagerRequest", "result":"SYNC_SERVER_OK", "context":{"environment":"Prod_japaneast_prod-s01-061-apac-japaneast", "migrationStage":"NotStarted", "server":"akswtt113000011"}}
{"logTime": "0515/145553", "correlationVector":"ooylGUUrHDa3UtHvQm+vyv.2","action":"Commit Response", "result":"Success", "context":Result: Success. cV=ooylGUUrHDa3UtHvQm+vyv.0;server=akswtt113000011;cloudType=Consumer;environment=Prod_japaneast_prod-s01-061-apac-japaneast;migrationStage=NotStarted}
